PC: 00000000	SP: 00000000	A: 00000000	B: 00000000	ldc 6

PC: 00000001	SP: 00000000	A: 00000006	B: 00000000	stl 0

PC: 00000002	SP: 00000000	A: 00000000	B: 00000000	ldc 10

PC: 00000003	SP: 00000000	A: 0000000a	B: 00000000	stl 1

PC: 00000004	SP: 00000000	A: 00000000	B: 00000000	ldc 5

PC: 00000005	SP: 00000000	A: 00000005	B: 00000000	stl 2

PC: 00000006	SP: 00000000	A: 00000000	B: 00000000	ldc 12

PC: 00000007	SP: 00000000	A: 0000000c	B: 00000000	stl 3

PC: 00000008	SP: 00000000	A: 00000000	B: 00000000	ldc 2

PC: 00000009	SP: 00000000	A: 00000002	B: 00000000	stl 4

PC: 0000000a	SP: 00000000	A: 00000000	B: 00000000	ldc 3

PC: 0000000b	SP: 00000000	A: 00000003	B: 00000000	stl 5

PC: 0000000c	SP: 00000000	A: 00000000	B: 00000000	ldl 0

PC: 0000000d	SP: 00000000	A: 00000006	B: 00000000	adc -1

PC: 0000000e	SP: 00000000	A: 00000005	B: 00000000	brz 29

PC: 0000000f	SP: 00000000	A: 00000005	B: 00000000	stl 0

PC: 00000010	SP: 00000000	A: 00000000	B: 00000000	ldc 1

PC: 00000011	SP: 00000000	A: 00000001	B: 00000000	stl 6

PC: 00000012	SP: 00000000	A: 00000000	B: 00000000	ldl 0

PC: 00000013	SP: 00000000	A: 00000005	B: 00000000	ldl 6

PC: 00000014	SP: 00000000	A: 00000001	B: 00000005	sub 0

PC: 00000015	SP: 00000000	A: 00000004	B: 00000005	brz -10

PC: 00000016	SP: 00000000	A: 00000004	B: 00000005	ldl 6

PC: 00000017	SP: 00000000	A: 00000001	B: 00000004	ldnl 0

PC: 00000018	SP: 00000000	A: 0000000a	B: 00000004	ldl 6

PC: 00000019	SP: 00000000	A: 00000001	B: 0000000a	adc 1

PC: 0000001a	SP: 00000000	A: 00000002	B: 0000000a	ldnl 0

PC: 0000001b	SP: 00000000	A: 00000005	B: 0000000a	sub 0

PC: 0000001c	SP: 00000000	A: 00000005	B: 0000000a	brlz 10

PC: 0000001d	SP: 00000000	A: 00000005	B: 0000000a	ldl 6

PC: 0000001e	SP: 00000000	A: 00000001	B: 00000005	ldnl 0

PC: 0000001f	SP: 00000000	A: 0000000a	B: 00000005	stl 7

PC: 00000020	SP: 00000000	A: 00000005	B: 00000005	ldl 6

PC: 00000021	SP: 00000000	A: 00000001	B: 00000005	ldnl 1

PC: 00000022	SP: 00000000	A: 00000005	B: 00000005	ldl 6

PC: 00000023	SP: 00000000	A: 00000001	B: 00000005	stnl 0

PC: 00000024	SP: 00000000	A: 00000001	B: 00000005	ldl 7

PC: 00000025	SP: 00000000	A: 0000000a	B: 00000001	ldl 6

PC: 00000026	SP: 00000000	A: 00000001	B: 0000000a	stnl 1

PC: 00000027	SP: 00000000	A: 00000001	B: 0000000a	ldc 1

PC: 00000028	SP: 00000000	A: 00000001	B: 00000001	ldl 6

PC: 00000029	SP: 00000000	A: 00000001	B: 00000001	add 0

PC: 0000002a	SP: 00000000	A: 00000002	B: 00000001	stl 6

PC: 0000002b	SP: 00000000	A: 00000001	B: 00000001	br -26

PC: 00000012	SP: 00000000	A: 00000001	B: 00000001	ldl 0

PC: 00000013	SP: 00000000	A: 00000005	B: 00000001	ldl 6

PC: 00000014	SP: 00000000	A: 00000002	B: 00000005	sub 0

PC: 00000015	SP: 00000000	A: 00000003	B: 00000005	brz -10

PC: 00000016	SP: 00000000	A: 00000003	B: 00000005	ldl 6

PC: 00000017	SP: 00000000	A: 00000002	B: 00000003	ldnl 0

PC: 00000018	SP: 00000000	A: 0000000a	B: 00000003	ldl 6

PC: 00000019	SP: 00000000	A: 00000002	B: 0000000a	adc 1

PC: 0000001a	SP: 00000000	A: 00000003	B: 0000000a	ldnl 0

PC: 0000001b	SP: 00000000	A: 0000000c	B: 0000000a	sub 0

PC: 0000001c	SP: 00000000	A: fffffffe	B: 0000000a	brlz 10

PC: 00000027	SP: 00000000	A: fffffffe	B: 0000000a	ldc 1

PC: 00000028	SP: 00000000	A: 00000001	B: fffffffe	ldl 6

PC: 00000029	SP: 00000000	A: 00000002	B: 00000001	add 0

PC: 0000002a	SP: 00000000	A: 00000003	B: 00000001	stl 6

PC: 0000002b	SP: 00000000	A: 00000001	B: 00000001	br -26

PC: 00000012	SP: 00000000	A: 00000001	B: 00000001	ldl 0

PC: 00000013	SP: 00000000	A: 00000005	B: 00000001	ldl 6

PC: 00000014	SP: 00000000	A: 00000003	B: 00000005	sub 0

PC: 00000015	SP: 00000000	A: 00000002	B: 00000005	brz -10

PC: 00000016	SP: 00000000	A: 00000002	B: 00000005	ldl 6

PC: 00000017	SP: 00000000	A: 00000003	B: 00000002	ldnl 0

PC: 00000018	SP: 00000000	A: 0000000c	B: 00000002	ldl 6

PC: 00000019	SP: 00000000	A: 00000003	B: 0000000c	adc 1

PC: 0000001a	SP: 00000000	A: 00000004	B: 0000000c	ldnl 0

PC: 0000001b	SP: 00000000	A: 00000002	B: 0000000c	sub 0

PC: 0000001c	SP: 00000000	A: 0000000a	B: 0000000c	brlz 10

PC: 0000001d	SP: 00000000	A: 0000000a	B: 0000000c	ldl 6

PC: 0000001e	SP: 00000000	A: 00000003	B: 0000000a	ldnl 0

PC: 0000001f	SP: 00000000	A: 0000000c	B: 0000000a	stl 7

PC: 00000020	SP: 00000000	A: 0000000a	B: 0000000a	ldl 6

PC: 00000021	SP: 00000000	A: 00000003	B: 0000000a	ldnl 1

PC: 00000022	SP: 00000000	A: 00000002	B: 0000000a	ldl 6

PC: 00000023	SP: 00000000	A: 00000003	B: 00000002	stnl 0

PC: 00000024	SP: 00000000	A: 00000003	B: 00000002	ldl 7

PC: 00000025	SP: 00000000	A: 0000000c	B: 00000003	ldl 6

PC: 00000026	SP: 00000000	A: 00000003	B: 0000000c	stnl 1

PC: 00000027	SP: 00000000	A: 00000003	B: 0000000c	ldc 1

PC: 00000028	SP: 00000000	A: 00000001	B: 00000003	ldl 6

PC: 00000029	SP: 00000000	A: 00000003	B: 00000001	add 0

PC: 0000002a	SP: 00000000	A: 00000004	B: 00000001	stl 6

PC: 0000002b	SP: 00000000	A: 00000001	B: 00000001	br -26

PC: 00000012	SP: 00000000	A: 00000001	B: 00000001	ldl 0

PC: 00000013	SP: 00000000	A: 00000005	B: 00000001	ldl 6

PC: 00000014	SP: 00000000	A: 00000004	B: 00000005	sub 0

PC: 00000015	SP: 00000000	A: 00000001	B: 00000005	brz -10

PC: 00000016	SP: 00000000	A: 00000001	B: 00000005	ldl 6

PC: 00000017	SP: 00000000	A: 00000004	B: 00000001	ldnl 0

PC: 00000018	SP: 00000000	A: 0000000c	B: 00000001	ldl 6

PC: 00000019	SP: 00000000	A: 00000004	B: 0000000c	adc 1

PC: 0000001a	SP: 00000000	A: 00000005	B: 0000000c	ldnl 0

PC: 0000001b	SP: 00000000	A: 00000003	B: 0000000c	sub 0

PC: 0000001c	SP: 00000000	A: 00000009	B: 0000000c	brlz 10

PC: 0000001d	SP: 00000000	A: 00000009	B: 0000000c	ldl 6

PC: 0000001e	SP: 00000000	A: 00000004	B: 00000009	ldnl 0

PC: 0000001f	SP: 00000000	A: 0000000c	B: 00000009	stl 7

PC: 00000020	SP: 00000000	A: 00000009	B: 00000009	ldl 6

PC: 00000021	SP: 00000000	A: 00000004	B: 00000009	ldnl 1

PC: 00000022	SP: 00000000	A: 00000003	B: 00000009	ldl 6

PC: 00000023	SP: 00000000	A: 00000004	B: 00000003	stnl 0

PC: 00000024	SP: 00000000	A: 00000004	B: 00000003	ldl 7

PC: 00000025	SP: 00000000	A: 0000000c	B: 00000004	ldl 6

PC: 00000026	SP: 00000000	A: 00000004	B: 0000000c	stnl 1

PC: 00000027	SP: 00000000	A: 00000004	B: 0000000c	ldc 1

PC: 00000028	SP: 00000000	A: 00000001	B: 00000004	ldl 6

PC: 00000029	SP: 00000000	A: 00000004	B: 00000001	add 0

PC: 0000002a	SP: 00000000	A: 00000005	B: 00000001	stl 6

PC: 0000002b	SP: 00000000	A: 00000001	B: 00000001	br -26

PC: 00000012	SP: 00000000	A: 00000001	B: 00000001	ldl 0

PC: 00000013	SP: 00000000	A: 00000005	B: 00000001	ldl 6

PC: 00000014	SP: 00000000	A: 00000005	B: 00000005	sub 0

PC: 00000015	SP: 00000000	A: 00000000	B: 00000005	brz -10

PC: 0000000c	SP: 00000000	A: 00000000	B: 00000005	ldl 0

PC: 0000000d	SP: 00000000	A: 00000005	B: 00000000	adc -1

PC: 0000000e	SP: 00000000	A: 00000004	B: 00000000	brz 29

PC: 0000000f	SP: 00000000	A: 00000004	B: 00000000	stl 0

PC: 00000010	SP: 00000000	A: 00000000	B: 00000000	ldc 1

PC: 00000011	SP: 00000000	A: 00000001	B: 00000000	stl 6

PC: 00000012	SP: 00000000	A: 00000000	B: 00000000	ldl 0

PC: 00000013	SP: 00000000	A: 00000004	B: 00000000	ldl 6

PC: 00000014	SP: 00000000	A: 00000001	B: 00000004	sub 0

PC: 00000015	SP: 00000000	A: 00000003	B: 00000004	brz -10

PC: 00000016	SP: 00000000	A: 00000003	B: 00000004	ldl 6

PC: 00000017	SP: 00000000	A: 00000001	B: 00000003	ldnl 0

PC: 00000018	SP: 00000000	A: 00000005	B: 00000003	ldl 6

PC: 00000019	SP: 00000000	A: 00000001	B: 00000005	adc 1

PC: 0000001a	SP: 00000000	A: 00000002	B: 00000005	ldnl 0

PC: 0000001b	SP: 00000000	A: 0000000a	B: 00000005	sub 0

PC: 0000001c	SP: 00000000	A: fffffffb	B: 00000005	brlz 10

PC: 00000027	SP: 00000000	A: fffffffb	B: 00000005	ldc 1

PC: 00000028	SP: 00000000	A: 00000001	B: fffffffb	ldl 6

PC: 00000029	SP: 00000000	A: 00000001	B: 00000001	add 0

PC: 0000002a	SP: 00000000	A: 00000002	B: 00000001	stl 6

PC: 0000002b	SP: 00000000	A: 00000001	B: 00000001	br -26

PC: 00000012	SP: 00000000	A: 00000001	B: 00000001	ldl 0

PC: 00000013	SP: 00000000	A: 00000004	B: 00000001	ldl 6

PC: 00000014	SP: 00000000	A: 00000002	B: 00000004	sub 0

PC: 00000015	SP: 00000000	A: 00000002	B: 00000004	brz -10

PC: 00000016	SP: 00000000	A: 00000002	B: 00000004	ldl 6

PC: 00000017	SP: 00000000	A: 00000002	B: 00000002	ldnl 0

PC: 00000018	SP: 00000000	A: 0000000a	B: 00000002	ldl 6

PC: 00000019	SP: 00000000	A: 00000002	B: 0000000a	adc 1

PC: 0000001a	SP: 00000000	A: 00000003	B: 0000000a	ldnl 0

PC: 0000001b	SP: 00000000	A: 00000002	B: 0000000a	sub 0

PC: 0000001c	SP: 00000000	A: 00000008	B: 0000000a	brlz 10

PC: 0000001d	SP: 00000000	A: 00000008	B: 0000000a	ldl 6

PC: 0000001e	SP: 00000000	A: 00000002	B: 00000008	ldnl 0

PC: 0000001f	SP: 00000000	A: 0000000a	B: 00000008	stl 7

PC: 00000020	SP: 00000000	A: 00000008	B: 00000008	ldl 6

PC: 00000021	SP: 00000000	A: 00000002	B: 00000008	ldnl 1

PC: 00000022	SP: 00000000	A: 00000002	B: 00000008	ldl 6

PC: 00000023	SP: 00000000	A: 00000002	B: 00000002	stnl 0

PC: 00000024	SP: 00000000	A: 00000002	B: 00000002	ldl 7

PC: 00000025	SP: 00000000	A: 0000000a	B: 00000002	ldl 6

PC: 00000026	SP: 00000000	A: 00000002	B: 0000000a	stnl 1

PC: 00000027	SP: 00000000	A: 00000002	B: 0000000a	ldc 1

PC: 00000028	SP: 00000000	A: 00000001	B: 00000002	ldl 6

PC: 00000029	SP: 00000000	A: 00000002	B: 00000001	add 0

PC: 0000002a	SP: 00000000	A: 00000003	B: 00000001	stl 6

PC: 0000002b	SP: 00000000	A: 00000001	B: 00000001	br -26

PC: 00000012	SP: 00000000	A: 00000001	B: 00000001	ldl 0

PC: 00000013	SP: 00000000	A: 00000004	B: 00000001	ldl 6

PC: 00000014	SP: 00000000	A: 00000003	B: 00000004	sub 0

PC: 00000015	SP: 00000000	A: 00000001	B: 00000004	brz -10

PC: 00000016	SP: 00000000	A: 00000001	B: 00000004	ldl 6

PC: 00000017	SP: 00000000	A: 00000003	B: 00000001	ldnl 0

PC: 00000018	SP: 00000000	A: 0000000a	B: 00000001	ldl 6

PC: 00000019	SP: 00000000	A: 00000003	B: 0000000a	adc 1

PC: 0000001a	SP: 00000000	A: 00000004	B: 0000000a	ldnl 0

PC: 0000001b	SP: 00000000	A: 00000003	B: 0000000a	sub 0

PC: 0000001c	SP: 00000000	A: 00000007	B: 0000000a	brlz 10

PC: 0000001d	SP: 00000000	A: 00000007	B: 0000000a	ldl 6

PC: 0000001e	SP: 00000000	A: 00000003	B: 00000007	ldnl 0

PC: 0000001f	SP: 00000000	A: 0000000a	B: 00000007	stl 7

PC: 00000020	SP: 00000000	A: 00000007	B: 00000007	ldl 6

PC: 00000021	SP: 00000000	A: 00000003	B: 00000007	ldnl 1

PC: 00000022	SP: 00000000	A: 00000003	B: 00000007	ldl 6

PC: 00000023	SP: 00000000	A: 00000003	B: 00000003	stnl 0

PC: 00000024	SP: 00000000	A: 00000003	B: 00000003	ldl 7

PC: 00000025	SP: 00000000	A: 0000000a	B: 00000003	ldl 6

PC: 00000026	SP: 00000000	A: 00000003	B: 0000000a	stnl 1

PC: 00000027	SP: 00000000	A: 00000003	B: 0000000a	ldc 1

PC: 00000028	SP: 00000000	A: 00000001	B: 00000003	ldl 6

PC: 00000029	SP: 00000000	A: 00000003	B: 00000001	add 0

PC: 0000002a	SP: 00000000	A: 00000004	B: 00000001	stl 6

PC: 0000002b	SP: 00000000	A: 00000001	B: 00000001	br -26

PC: 00000012	SP: 00000000	A: 00000001	B: 00000001	ldl 0

PC: 00000013	SP: 00000000	A: 00000004	B: 00000001	ldl 6

PC: 00000014	SP: 00000000	A: 00000004	B: 00000004	sub 0

PC: 00000015	SP: 00000000	A: 00000000	B: 00000004	brz -10

PC: 0000000c	SP: 00000000	A: 00000000	B: 00000004	ldl 0

PC: 0000000d	SP: 00000000	A: 00000004	B: 00000000	adc -1

PC: 0000000e	SP: 00000000	A: 00000003	B: 00000000	brz 29

PC: 0000000f	SP: 00000000	A: 00000003	B: 00000000	stl 0

PC: 00000010	SP: 00000000	A: 00000000	B: 00000000	ldc 1

PC: 00000011	SP: 00000000	A: 00000001	B: 00000000	stl 6

PC: 00000012	SP: 00000000	A: 00000000	B: 00000000	ldl 0

PC: 00000013	SP: 00000000	A: 00000003	B: 00000000	ldl 6

PC: 00000014	SP: 00000000	A: 00000001	B: 00000003	sub 0

PC: 00000015	SP: 00000000	A: 00000002	B: 00000003	brz -10

PC: 00000016	SP: 00000000	A: 00000002	B: 00000003	ldl 6

PC: 00000017	SP: 00000000	A: 00000001	B: 00000002	ldnl 0

PC: 00000018	SP: 00000000	A: 00000005	B: 00000002	ldl 6

PC: 00000019	SP: 00000000	A: 00000001	B: 00000005	adc 1

PC: 0000001a	SP: 00000000	A: 00000002	B: 00000005	ldnl 0

PC: 0000001b	SP: 00000000	A: 00000002	B: 00000005	sub 0

PC: 0000001c	SP: 00000000	A: 00000003	B: 00000005	brlz 10

PC: 0000001d	SP: 00000000	A: 00000003	B: 00000005	ldl 6

PC: 0000001e	SP: 00000000	A: 00000001	B: 00000003	ldnl 0

PC: 0000001f	SP: 00000000	A: 00000005	B: 00000003	stl 7

PC: 00000020	SP: 00000000	A: 00000003	B: 00000003	ldl 6

PC: 00000021	SP: 00000000	A: 00000001	B: 00000003	ldnl 1

PC: 00000022	SP: 00000000	A: 00000002	B: 00000003	ldl 6

PC: 00000023	SP: 00000000	A: 00000001	B: 00000002	stnl 0

PC: 00000024	SP: 00000000	A: 00000001	B: 00000002	ldl 7

PC: 00000025	SP: 00000000	A: 00000005	B: 00000001	ldl 6

PC: 00000026	SP: 00000000	A: 00000001	B: 00000005	stnl 1

PC: 00000027	SP: 00000000	A: 00000001	B: 00000005	ldc 1

PC: 00000028	SP: 00000000	A: 00000001	B: 00000001	ldl 6

PC: 00000029	SP: 00000000	A: 00000001	B: 00000001	add 0

PC: 0000002a	SP: 00000000	A: 00000002	B: 00000001	stl 6

PC: 0000002b	SP: 00000000	A: 00000001	B: 00000001	br -26

PC: 00000012	SP: 00000000	A: 00000001	B: 00000001	ldl 0

PC: 00000013	SP: 00000000	A: 00000003	B: 00000001	ldl 6

PC: 00000014	SP: 00000000	A: 00000002	B: 00000003	sub 0

PC: 00000015	SP: 00000000	A: 00000001	B: 00000003	brz -10

PC: 00000016	SP: 00000000	A: 00000001	B: 00000003	ldl 6

PC: 00000017	SP: 00000000	A: 00000002	B: 00000001	ldnl 0

PC: 00000018	SP: 00000000	A: 00000005	B: 00000001	ldl 6

PC: 00000019	SP: 00000000	A: 00000002	B: 00000005	adc 1

PC: 0000001a	SP: 00000000	A: 00000003	B: 00000005	ldnl 0

PC: 0000001b	SP: 00000000	A: 00000003	B: 00000005	sub 0

PC: 0000001c	SP: 00000000	A: 00000002	B: 00000005	brlz 10

PC: 0000001d	SP: 00000000	A: 00000002	B: 00000005	ldl 6

PC: 0000001e	SP: 00000000	A: 00000002	B: 00000002	ldnl 0

PC: 0000001f	SP: 00000000	A: 00000005	B: 00000002	stl 7

PC: 00000020	SP: 00000000	A: 00000002	B: 00000002	ldl 6

PC: 00000021	SP: 00000000	A: 00000002	B: 00000002	ldnl 1

PC: 00000022	SP: 00000000	A: 00000003	B: 00000002	ldl 6

PC: 00000023	SP: 00000000	A: 00000002	B: 00000003	stnl 0

PC: 00000024	SP: 00000000	A: 00000002	B: 00000003	ldl 7

PC: 00000025	SP: 00000000	A: 00000005	B: 00000002	ldl 6

PC: 00000026	SP: 00000000	A: 00000002	B: 00000005	stnl 1

PC: 00000027	SP: 00000000	A: 00000002	B: 00000005	ldc 1

PC: 00000028	SP: 00000000	A: 00000001	B: 00000002	ldl 6

PC: 00000029	SP: 00000000	A: 00000002	B: 00000001	add 0

PC: 0000002a	SP: 00000000	A: 00000003	B: 00000001	stl 6

PC: 0000002b	SP: 00000000	A: 00000001	B: 00000001	br -26

PC: 00000012	SP: 00000000	A: 00000001	B: 00000001	ldl 0

PC: 00000013	SP: 00000000	A: 00000003	B: 00000001	ldl 6

PC: 00000014	SP: 00000000	A: 00000003	B: 00000003	sub 0

PC: 00000015	SP: 00000000	A: 00000000	B: 00000003	brz -10

PC: 0000000c	SP: 00000000	A: 00000000	B: 00000003	ldl 0

PC: 0000000d	SP: 00000000	A: 00000003	B: 00000000	adc -1

PC: 0000000e	SP: 00000000	A: 00000002	B: 00000000	brz 29

PC: 0000000f	SP: 00000000	A: 00000002	B: 00000000	stl 0

PC: 00000010	SP: 00000000	A: 00000000	B: 00000000	ldc 1

PC: 00000011	SP: 00000000	A: 00000001	B: 00000000	stl 6

PC: 00000012	SP: 00000000	A: 00000000	B: 00000000	ldl 0

PC: 00000013	SP: 00000000	A: 00000002	B: 00000000	ldl 6

PC: 00000014	SP: 00000000	A: 00000001	B: 00000002	sub 0

PC: 00000015	SP: 00000000	A: 00000001	B: 00000002	brz -10

PC: 00000016	SP: 00000000	A: 00000001	B: 00000002	ldl 6

PC: 00000017	SP: 00000000	A: 00000001	B: 00000001	ldnl 0

PC: 00000018	SP: 00000000	A: 00000002	B: 00000001	ldl 6

PC: 00000019	SP: 00000000	A: 00000001	B: 00000002	adc 1

PC: 0000001a	SP: 00000000	A: 00000002	B: 00000002	ldnl 0

PC: 0000001b	SP: 00000000	A: 00000003	B: 00000002	sub 0

PC: 0000001c	SP: 00000000	A: ffffffff	B: 00000002	brlz 10

PC: 00000027	SP: 00000000	A: ffffffff	B: 00000002	ldc 1

PC: 00000028	SP: 00000000	A: 00000001	B: ffffffff	ldl 6

PC: 00000029	SP: 00000000	A: 00000001	B: 00000001	add 0

PC: 0000002a	SP: 00000000	A: 00000002	B: 00000001	stl 6

PC: 0000002b	SP: 00000000	A: 00000001	B: 00000001	br -26

PC: 00000012	SP: 00000000	A: 00000001	B: 00000001	ldl 0

PC: 00000013	SP: 00000000	A: 00000002	B: 00000001	ldl 6

PC: 00000014	SP: 00000000	A: 00000002	B: 00000002	sub 0

PC: 00000015	SP: 00000000	A: 00000000	B: 00000002	brz -10

PC: 0000000c	SP: 00000000	A: 00000000	B: 00000002	ldl 0

PC: 0000000d	SP: 00000000	A: 00000002	B: 00000000	adc -1

PC: 0000000e	SP: 00000000	A: 00000001	B: 00000000	brz 29

PC: 0000000f	SP: 00000000	A: 00000001	B: 00000000	stl 0

PC: 00000010	SP: 00000000	A: 00000000	B: 00000000	ldc 1

PC: 00000011	SP: 00000000	A: 00000001	B: 00000000	stl 6

PC: 00000012	SP: 00000000	A: 00000000	B: 00000000	ldl 0

PC: 00000013	SP: 00000000	A: 00000001	B: 00000000	ldl 6

PC: 00000014	SP: 00000000	A: 00000001	B: 00000001	sub 0

PC: 00000015	SP: 00000000	A: 00000000	B: 00000001	brz -10

PC: 0000000c	SP: 00000000	A: 00000000	B: 00000001	ldl 0

PC: 0000000d	SP: 00000000	A: 00000001	B: 00000000	adc -1

PC: 0000000e	SP: 00000000	A: 00000000	B: 00000000	brz 29

PC: 0000002c	SP: 00000000	A: 00000000	B: 00000000	HALT 0

