PC: 00000000	SP: 00000000	A: 00000000	B: 00000000	ldc 0

PC: 00000001	SP: 00000000	A: 00000000	B: 00000000	stl 0

PC: 00000002	SP: 00000000	A: 00000000	B: 00000000	ldc 1

PC: 00000003	SP: 00000000	A: 00000001	B: 00000000	stl 1

PC: 00000004	SP: 00000000	A: 00000000	B: 00000000	ldc 2

PC: 00000005	SP: 00000000	A: 00000002	B: 00000000	stl 2

PC: 00000006	SP: 00000000	A: 00000000	B: 00000000	ldl 2

PC: 00000007	SP: 00000000	A: 00000002	B: 00000000	ldc 10

PC: 00000008	SP: 00000000	A: 0000000a	B: 00000002	sub 0

PC: 00000009	SP: 00000000	A: fffffff8	B: 00000002	brz 17

PC: 0000000a	SP: 00000000	A: fffffff8	B: 00000002	ldl 0

PC: 0000000b	SP: 00000000	A: 00000000	B: fffffff8	ldl 1

PC: 0000000c	SP: 00000000	A: 00000001	B: 00000000	add 0

PC: 0000000d	SP: 00000000	A: 00000001	B: 00000000	stl 3

PC: 0000000e	SP: 00000000	A: 00000000	B: 00000000	ldl 1

PC: 0000000f	SP: 00000000	A: 00000001	B: 00000000	stl 0

PC: 00000010	SP: 00000000	A: 00000000	B: 00000000	ldl 3

PC: 00000011	SP: 00000000	A: 00000001	B: 00000000	stl 1

PC: 00000012	SP: 00000000	A: 00000000	B: 00000000	ldl 2

PC: 00000013	SP: 00000000	A: 00000002	B: 00000000	ldc 1

PC: 00000014	SP: 00000000	A: 00000001	B: 00000002	add 0

PC: 00000015	SP: 00000000	A: 00000003	B: 00000002	stl 2

PC: 00000016	SP: 00000000	A: 00000002	B: 00000002	ldl 2

PC: 00000017	SP: 00000000	A: 00000003	B: 00000002	ldc 10

PC: 00000018	SP: 00000000	A: 0000000a	B: 00000003	sub 0

PC: 00000019	SP: 00000000	A: fffffff9	B: 00000003	brz 1

PC: 0000001a	SP: 00000000	A: fffffff9	B: 00000003	br -17

PC: 0000000a	SP: 00000000	A: fffffff9	B: 00000003	ldl 0

PC: 0000000b	SP: 00000000	A: 00000001	B: fffffff9	ldl 1

PC: 0000000c	SP: 00000000	A: 00000001	B: 00000001	add 0

PC: 0000000d	SP: 00000000	A: 00000002	B: 00000001	stl 3

PC: 0000000e	SP: 00000000	A: 00000001	B: 00000001	ldl 1

PC: 0000000f	SP: 00000000	A: 00000001	B: 00000001	stl 0

PC: 00000010	SP: 00000000	A: 00000001	B: 00000001	ldl 3

PC: 00000011	SP: 00000000	A: 00000002	B: 00000001	stl 1

PC: 00000012	SP: 00000000	A: 00000001	B: 00000001	ldl 2

PC: 00000013	SP: 00000000	A: 00000003	B: 00000001	ldc 1

PC: 00000014	SP: 00000000	A: 00000001	B: 00000003	add 0

PC: 00000015	SP: 00000000	A: 00000004	B: 00000003	stl 2

PC: 00000016	SP: 00000000	A: 00000003	B: 00000003	ldl 2

PC: 00000017	SP: 00000000	A: 00000004	B: 00000003	ldc 10

PC: 00000018	SP: 00000000	A: 0000000a	B: 00000004	sub 0

PC: 00000019	SP: 00000000	A: fffffffa	B: 00000004	brz 1

PC: 0000001a	SP: 00000000	A: fffffffa	B: 00000004	br -17

PC: 0000000a	SP: 00000000	A: fffffffa	B: 00000004	ldl 0

PC: 0000000b	SP: 00000000	A: 00000001	B: fffffffa	ldl 1

PC: 0000000c	SP: 00000000	A: 00000002	B: 00000001	add 0

PC: 0000000d	SP: 00000000	A: 00000003	B: 00000001	stl 3

PC: 0000000e	SP: 00000000	A: 00000001	B: 00000001	ldl 1

PC: 0000000f	SP: 00000000	A: 00000002	B: 00000001	stl 0

PC: 00000010	SP: 00000000	A: 00000001	B: 00000001	ldl 3

PC: 00000011	SP: 00000000	A: 00000003	B: 00000001	stl 1

PC: 00000012	SP: 00000000	A: 00000001	B: 00000001	ldl 2

PC: 00000013	SP: 00000000	A: 00000004	B: 00000001	ldc 1

PC: 00000014	SP: 00000000	A: 00000001	B: 00000004	add 0

PC: 00000015	SP: 00000000	A: 00000005	B: 00000004	stl 2

PC: 00000016	SP: 00000000	A: 00000004	B: 00000004	ldl 2

PC: 00000017	SP: 00000000	A: 00000005	B: 00000004	ldc 10

PC: 00000018	SP: 00000000	A: 0000000a	B: 00000005	sub 0

PC: 00000019	SP: 00000000	A: fffffffb	B: 00000005	brz 1

PC: 0000001a	SP: 00000000	A: fffffffb	B: 00000005	br -17

PC: 0000000a	SP: 00000000	A: fffffffb	B: 00000005	ldl 0

PC: 0000000b	SP: 00000000	A: 00000002	B: fffffffb	ldl 1

PC: 0000000c	SP: 00000000	A: 00000003	B: 00000002	add 0

PC: 0000000d	SP: 00000000	A: 00000005	B: 00000002	stl 3

PC: 0000000e	SP: 00000000	A: 00000002	B: 00000002	ldl 1

PC: 0000000f	SP: 00000000	A: 00000003	B: 00000002	stl 0

PC: 00000010	SP: 00000000	A: 00000002	B: 00000002	ldl 3

PC: 00000011	SP: 00000000	A: 00000005	B: 00000002	stl 1

PC: 00000012	SP: 00000000	A: 00000002	B: 00000002	ldl 2

PC: 00000013	SP: 00000000	A: 00000005	B: 00000002	ldc 1

PC: 00000014	SP: 00000000	A: 00000001	B: 00000005	add 0

PC: 00000015	SP: 00000000	A: 00000006	B: 00000005	stl 2

PC: 00000016	SP: 00000000	A: 00000005	B: 00000005	ldl 2

PC: 00000017	SP: 00000000	A: 00000006	B: 00000005	ldc 10

PC: 00000018	SP: 00000000	A: 0000000a	B: 00000006	sub 0

PC: 00000019	SP: 00000000	A: fffffffc	B: 00000006	brz 1

PC: 0000001a	SP: 00000000	A: fffffffc	B: 00000006	br -17

PC: 0000000a	SP: 00000000	A: fffffffc	B: 00000006	ldl 0

PC: 0000000b	SP: 00000000	A: 00000003	B: fffffffc	ldl 1

PC: 0000000c	SP: 00000000	A: 00000005	B: 00000003	add 0

PC: 0000000d	SP: 00000000	A: 00000008	B: 00000003	stl 3

PC: 0000000e	SP: 00000000	A: 00000003	B: 00000003	ldl 1

PC: 0000000f	SP: 00000000	A: 00000005	B: 00000003	stl 0

PC: 00000010	SP: 00000000	A: 00000003	B: 00000003	ldl 3

PC: 00000011	SP: 00000000	A: 00000008	B: 00000003	stl 1

PC: 00000012	SP: 00000000	A: 00000003	B: 00000003	ldl 2

PC: 00000013	SP: 00000000	A: 00000006	B: 00000003	ldc 1

PC: 00000014	SP: 00000000	A: 00000001	B: 00000006	add 0

PC: 00000015	SP: 00000000	A: 00000007	B: 00000006	stl 2

PC: 00000016	SP: 00000000	A: 00000006	B: 00000006	ldl 2

PC: 00000017	SP: 00000000	A: 00000007	B: 00000006	ldc 10

PC: 00000018	SP: 00000000	A: 0000000a	B: 00000007	sub 0

PC: 00000019	SP: 00000000	A: fffffffd	B: 00000007	brz 1

PC: 0000001a	SP: 00000000	A: fffffffd	B: 00000007	br -17

PC: 0000000a	SP: 00000000	A: fffffffd	B: 00000007	ldl 0

PC: 0000000b	SP: 00000000	A: 00000005	B: fffffffd	ldl 1

PC: 0000000c	SP: 00000000	A: 00000008	B: 00000005	add 0

PC: 0000000d	SP: 00000000	A: 0000000d	B: 00000005	stl 3

PC: 0000000e	SP: 00000000	A: 00000005	B: 00000005	ldl 1

PC: 0000000f	SP: 00000000	A: 00000008	B: 00000005	stl 0

PC: 00000010	SP: 00000000	A: 00000005	B: 00000005	ldl 3

PC: 00000011	SP: 00000000	A: 0000000d	B: 00000005	stl 1

PC: 00000012	SP: 00000000	A: 00000005	B: 00000005	ldl 2

PC: 00000013	SP: 00000000	A: 00000007	B: 00000005	ldc 1

PC: 00000014	SP: 00000000	A: 00000001	B: 00000007	add 0

PC: 00000015	SP: 00000000	A: 00000008	B: 00000007	stl 2

PC: 00000016	SP: 00000000	A: 00000007	B: 00000007	ldl 2

PC: 00000017	SP: 00000000	A: 00000008	B: 00000007	ldc 10

PC: 00000018	SP: 00000000	A: 0000000a	B: 00000008	sub 0

PC: 00000019	SP: 00000000	A: fffffffe	B: 00000008	brz 1

PC: 0000001a	SP: 00000000	A: fffffffe	B: 00000008	br -17

PC: 0000000a	SP: 00000000	A: fffffffe	B: 00000008	ldl 0

PC: 0000000b	SP: 00000000	A: 00000008	B: fffffffe	ldl 1

PC: 0000000c	SP: 00000000	A: 0000000d	B: 00000008	add 0

PC: 0000000d	SP: 00000000	A: 00000015	B: 00000008	stl 3

PC: 0000000e	SP: 00000000	A: 00000008	B: 00000008	ldl 1

PC: 0000000f	SP: 00000000	A: 0000000d	B: 00000008	stl 0

PC: 00000010	SP: 00000000	A: 00000008	B: 00000008	ldl 3

PC: 00000011	SP: 00000000	A: 00000015	B: 00000008	stl 1

PC: 00000012	SP: 00000000	A: 00000008	B: 00000008	ldl 2

PC: 00000013	SP: 00000000	A: 00000008	B: 00000008	ldc 1

PC: 00000014	SP: 00000000	A: 00000001	B: 00000008	add 0

PC: 00000015	SP: 00000000	A: 00000009	B: 00000008	stl 2

PC: 00000016	SP: 00000000	A: 00000008	B: 00000008	ldl 2

PC: 00000017	SP: 00000000	A: 00000009	B: 00000008	ldc 10

PC: 00000018	SP: 00000000	A: 0000000a	B: 00000009	sub 0

PC: 00000019	SP: 00000000	A: ffffffff	B: 00000009	brz 1

PC: 0000001a	SP: 00000000	A: ffffffff	B: 00000009	br -17

PC: 0000000a	SP: 00000000	A: ffffffff	B: 00000009	ldl 0

PC: 0000000b	SP: 00000000	A: 0000000d	B: ffffffff	ldl 1

PC: 0000000c	SP: 00000000	A: 00000015	B: 0000000d	add 0

PC: 0000000d	SP: 00000000	A: 00000022	B: 0000000d	stl 3

PC: 0000000e	SP: 00000000	A: 0000000d	B: 0000000d	ldl 1

PC: 0000000f	SP: 00000000	A: 00000015	B: 0000000d	stl 0

PC: 00000010	SP: 00000000	A: 0000000d	B: 0000000d	ldl 3

PC: 00000011	SP: 00000000	A: 00000022	B: 0000000d	stl 1

PC: 00000012	SP: 00000000	A: 0000000d	B: 0000000d	ldl 2

PC: 00000013	SP: 00000000	A: 00000009	B: 0000000d	ldc 1

PC: 00000014	SP: 00000000	A: 00000001	B: 00000009	add 0

PC: 00000015	SP: 00000000	A: 0000000a	B: 00000009	stl 2

PC: 00000016	SP: 00000000	A: 00000009	B: 00000009	ldl 2

PC: 00000017	SP: 00000000	A: 0000000a	B: 00000009	ldc 10

PC: 00000018	SP: 00000000	A: 0000000a	B: 0000000a