PC: 00000000	SP: 00000000	A: 00000000	B: 00000000	ldc 9

PC: 00000001	SP: 00000000	A: 00000009	B: 00000000	stl 0

PC: 00000002	SP: 00000000	A: 00000000	B: 00000000	ldc 0

PC: 00000003	SP: 00000000	A: 00000000	B: 00000000	stl 1

PC: 00000004	SP: 00000000	A: 00000000	B: 00000000	ldl 0

PC: 00000005	SP: 00000000	A: 00000009	B: 00000000	ldc 1

PC: 00000006	SP: 00000000	A: 00000001	B: 00000009	sub 0

PC: 00000007	SP: 00000000	A: 00000008	B: 00000009	stl 2

PC: 00000008	SP: 00000000	A: 00000009	B: 00000009	ldl 2

PC: 00000009	SP: 00000000	A: 00000008	B: 00000009	ldl 1

PC: 0000000a	SP: 00000000	A: 00000000	B: 00000008	sub 0

PC: 0000000b	SP: 00000000	A: 00000008	B: 00000008	brlz 31

PC: 0000000c	SP: 00000000	A: 00000008	B: 00000008	ldl 1

PC: 0000000d	SP: 00000000	A: 00000000	B: 00000008	ldc 45

PC: 0000000e	SP: 00000000	A: 0000002d	B: 00000000	add 0

PC: 0000000f	SP: 00000000	A: 0000002d	B: 00000000	ldnl 0

PC: 00000010	SP: 00000000	A: 0000000c	B: 00000000	stl 3

PC: 00000011	SP: 00000000	A: 00000000	B: 00000000	ldl 1

PC: 00000012	SP: 00000000	A: 00000000	B: 00000000	ldc 45

PC: 00000013	SP: 00000000	A: 0000002d	B: 00000000	add 0

PC: 00000014	SP: 00000000	A: 0000002d	B: 00000000	stl 4

PC: 00000015	SP: 00000000	A: 00000000	B: 00000000	ldl 2

PC: 00000016	SP: 00000000	A: 00000008	B: 00000000	ldc 45

PC: 00000017	SP: 00000000	A: 0000002d	B: 00000008	add 0

PC: 00000018	SP: 00000000	A: 00000035	B: 00000008	ldnl 0

PC: 00000019	SP: 00000000	A: fffffffc	B: 00000008	ldl 4

PC: 0000001a	SP: 00000000	A: 0000002d	B: fffffffc	stnl 0

PC: 0000001b	SP: 00000000	A: 0000002d	B: fffffffc	ldl 2

PC: 0000001c	SP: 00000000	A: 00000008	B: 0000002d	ldc 45

PC: 0000001d	SP: 00000000	A: 0000002d	B: 00000008	add 0

PC: 0000001e	SP: 00000000	A: 00000035	B: 00000008	stl 4

PC: 0000001f	SP: 00000000	A: 00000008	B: 00000008	ldl 3

PC: 00000020	SP: 00000000	A: 0000000c	B: 00000008	ldl 4

PC: 00000021	SP: 00000000	A: 00000035	B: 0000000c	stnl 0

PC: 00000022	SP: 00000000	A: 00000035	B: 0000000c	ldl 1

PC: 00000023	SP: 00000000	A: 00000000	B: 00000035	ldc 1

PC: 00000024	SP: 00000000	A: 00000001	B: 00000000	add 0

PC: 00000025	SP: 00000000	A: 00000001	B: 00000000	stl 1

PC: 00000026	SP: 00000000	A: 00000000	B: 00000000	ldl 2

PC: 00000027	SP: 00000000	A: 00000008	B: 00000000	ldc 1

PC: 00000028	SP: 00000000	A: 00000001	B: 00000008	sub 0

PC: 00000029	SP: 00000000	A: 00000007	B: 00000008	stl 2

PC: 0000002a	SP: 00000000	A: 00000008	B: 00000008	br -35

PC: 00000008	SP: 00000000	A: 00000008	B: 00000008	ldl 2

PC: 00000009	SP: 00000000	A: 00000007	B: 00000008	ldl 1

PC: 0000000a	SP: 00000000	A: 00000001	B: 00000007	sub 0

PC: 0000000b	SP: 00000000	A: 00000006	B: 00000007	brlz 31

PC: 0000000c	SP: 00000000	A: 00000006	B: 00000007	ldl 1

PC: 0000000d	SP: 00000000	A: 00000001	B: 00000006	ldc 45

PC: 0000000e	SP: 00000000	A: 0000002d	B: 00000001	add 0

PC: 0000000f	SP: 00000000	A: 0000002e	B: 00000001	ldnl 0

PC: 00000010	SP: 00000000	A: fffffff9	B: 00000001	stl 3

PC: 00000011	SP: 00000000	A: 00000001	B: 00000001	ldl 1

PC: 00000012	SP: 00000000	A: 00000001	B: 00000001	ldc 45

PC: 00000013	SP: 00000000	A: 0000002d	B: 00000001	add 0

PC: 00000014	SP: 00000000	A: 0000002e	B: 00000001	stl 4

PC: 00000015	SP: 00000000	A: 00000001	B: 00000001	ldl 2

PC: 00000016	SP: 00000000	A: 00000007	B: 00000001	ldc 45

PC: 00000017	SP: 00000000	A: 0000002d	B: 00000007	add 0

PC: 00000018	SP: 00000000	A: 00000034	B: 00000007	ldnl 0

PC: 00000019	SP: 00000000	A: 00000013	B: 00000007	ldl 4

PC: 0000001a	SP: 00000000	A: 0000002e	B: 00000013	stnl 0

PC: 0000001b	SP: 00000000	A: 0000002e	B: 00000013	ldl 2

PC: 0000001c	SP: 00000000	A: 00000007	B: 0000002e	ldc 45

PC: 0000001d	SP: 00000000	A: 0000002d	B: 00000007	add 0

PC: 0000001e	SP: 00000000	A: 00000034	B: 00000007	stl 4

PC: 0000001f	SP: 00000000	A: 00000007	B: 00000007	ldl 3

PC: 00000020	SP: 00000000	A: fffffff9	B: 00000007	ldl 4

PC: 00000021	SP: 00000000	A: 00000034	B: fffffff9	stnl 0

PC: 00000022	SP: 00000000	A: 00000034	B: fffffff9	ldl 1

PC: 00000023	SP: 00000000	A: 00000001	B: 00000034	ldc 1

PC: 00000024	SP: 00000000	A: 00000001	B: 00000001	add 0

PC: 00000025	SP: 00000000	A: 00000002	B: 00000001	stl 1

PC: 00000026	SP: 00000000	A: 00000001	B: 00000001	ldl 2

PC: 00000027	SP: 00000000	A: 00000007	B: 00000001	ldc 1

PC: 00000028	SP: 00000000	A: 00000001	B: 00000007	sub 0

PC: 00000029	SP: 00000000	A: 00000006	B: 00000007	stl 2

PC: 0000002a	SP: 00000000	A: 00000007	B: 00000007	br -35

PC: 00000008	SP: 00000000	A: 00000007	B: 00000007	ldl 2

PC: 00000009	SP: 00000000	A: 00000006	B: 00000007	ldl 1

PC: 0000000a	SP: 00000000	A: 00000002	B: 00000006	sub 0

PC: 0000000b	SP: 00000000	A: 00000004	B: 00000006	brlz 31

PC: 0000000c	SP: 00000000	A: 00000004	B: 00000006	ldl 1

PC: 0000000d	SP: 00000000	A: 00000002	B: 00000004	ldc 45

PC: 0000000e	SP: 00000000	A: 0000002d	B: 00000002	add 0

PC: 0000000f	SP: 00000000	A: 0000002f	B: 00000002	ldnl 0

PC: 00000010	SP: 00000000	A: 00000019	B: 00000002	stl 3

PC: 00000011	SP: 00000000	A: 00000002	B: 00000002	ldl 1

PC: 00000012	SP: 00000000	A: 00000002	B: 00000002	ldc 45

PC: 00000013	SP: 00000000	A: 0000002d	B: 00000002	add 0

PC: 00000014	SP: 00000000	A: 0000002f	B: 00000002	stl 4

PC: 00000015	SP: 00000000	A: 00000002	B: 00000002	ldl 2

PC: 00000016	SP: 00000000	A: 00000006	B: 00000002	ldc 45

PC: 00000017	SP: 00000000	A: 0000002d	B: 00000006	add 0

PC: 00000018	SP: 00000000	A: 00000033	B: 00000006	ldnl 0

PC: 00000019	SP: 00000000	A: 00000008	B: 00000006	ldl 4

PC: 0000001a	SP: 00000000	A: 0000002f	B: 00000008	stnl 0

PC: 0000001b	SP: 00000000	A: 0000002f	B: 00000008	ldl 2

PC: 0000001c	SP: 00000000	A: 00000006	B: 0000002f	ldc 45

PC: 0000001d	SP: 00000000	A: 0000002d	B: 00000006	add 0

PC: 0000001e	SP: 00000000	A: 00000033	B: 00000006	stl 4

PC: 0000001f	SP: 00000000	A: 00000006	B: 00000006	ldl 3

PC: 00000020	SP: 00000000	A: 00000019	B: 00000006	ldl 4

PC: 00000021	SP: 00000000	A: 00000033	B: 00000019	stnl 0

PC: 00000022	SP: 00000000	A: 00000033	B: 00000019	ldl 1

PC: 00000023	SP: 00000000	A: 00000002	B: 00000033	ldc 1

PC: 00000024	SP: 00000000	A: 00000001	B: 00000002	add 0

PC: 00000025	SP: 00000000	A: 00000003	B: 00000002	stl 1

PC: 00000026	SP: 00000000	A: 00000002	B: 00000002	ldl 2

PC: 00000027	SP: 00000000	A: 00000006	B: 00000002	ldc 1

PC: 00000028	SP: 00000000	A: 00000001	B: 00000006	sub 0

PC: 00000029	SP: 00000000	A: 00000005	B: 00000006	stl 2

PC: 0000002a	SP: 00000000	A: 00000006	B: 00000006	br -35

PC: 00000008	SP: 00000000	A: 00000006	B: 00000006	ldl 2

PC: 00000009	SP: 00000000	A: 00000005	B: 00000006	ldl 1

PC: 0000000a	SP: 00000000	A: 00000003	B: 00000005	sub 0

PC: 0000000b	SP: 00000000	A: 00000002	B: 00000005	brlz 31

PC: 0000000c	SP: 00000000	A: 00000002	B: 00000005	ldl 1

PC: 0000000d	SP: 00000000	A: 00000003	B: 00000002	ldc 45

PC: 0000000e	SP: 00000000	A: 0000002d	B: 00000003	add 0

PC: 0000000f	SP: 00000000	A: 00000030	B: 00000003	ldnl 0

PC: 00000010	SP: 00000000	A: 00000003	B: 00000003	stl 3

PC: 00000011	SP: 00000000	A: 00000003	B: 00000003	ldl 1

PC: 00000012	SP: 00000000	A: 00000003	B: 00000003	ldc 45

PC: 00000013	SP: 00000000	A: 0000002d	B: 00000003	add 0

PC: 00000014	SP: 00000000	A: 00000030	B: 00000003	stl 4

PC: 00000015	SP: 00000000	A: 00000003	B: 00000003	ldl 2

PC: 00000016	SP: 00000000	A: 00000005	B: 00000003	ldc 45

PC: 00000017	SP: 00000000	A: 0000002d	B: 00000005	add 0

PC: 00000018	SP: 00000000	A: 00000032	B: 00000005	ldnl 0

PC: 00000019	SP: 00000000	A: fffffff2	B: 00000005	ldl 4

PC: 0000001a	SP: 00000000	A: 00000030	B: fffffff2	stnl 0

PC: 0000001b	SP: 00000000	A: 00000030	B: fffffff2	ldl 2

PC: 0000001c	SP: 00000000	A: 00000005	B: 00000030	ldc 45

PC: 0000001d	SP: 00000000	A: 0000002d	B: 00000005	add 0

PC: 0000001e	SP: 00000000	A: 00000032	B: 00000005	stl 4

PC: 0000001f	SP: 00000000	A: 00000005	B: 00000005	ldl 3

PC: 00000020	SP: 00000000	A: 00000003	B: 00000005	ldl 4

PC: 00000021	SP: 00000000	A: 00000032	B: 00000003	stnl 0

PC: 00000022	SP: 00000000	A: 00000032	B: 00000003	ldl 1

PC: 00000023	SP: 00000000	A: 00000003	B: 00000032	ldc 1

PC: 00000024	SP: 00000000	A: 00000001	B: 00000003	add 0

PC: 00000025	SP: 00000000	A: 00000004	B: 00000003	stl 1

PC: 00000026	SP: 00000000	A: 00000003	B: 00000003	ldl 2

PC: 00000027	SP: 00000000	A: 00000005	B: 00000003	ldc 1

PC: 00000028	SP: 00000000	A: 00000001	B: 00000005	sub 0

PC: 00000029	SP: 00000000	A: 00000004	B: 00000005	stl 2

PC: 0000002a	SP: 00000000	A: 00000005	B: 00000005	br -35

PC: 00000008	SP: 00000000	A: 00000005	B: 00000005	ldl 2

PC: 00000009	SP: 00000000	A: 00000004	B: 00000005	ldl 1

PC: 0000000a	SP: 00000000	A: 00000004	B: 00000004	sub 0

PC: 0000000b	SP: 00000000	A: 00000000	B: 00000004	brlz 31

PC: 0000000c	SP: 00000000	A: 00000000	B: 00000004	ldl 1

PC: 0000000d	SP: 00000000	A: 00000004	B: 00000000	ldc 45

PC: 0000000e	SP: 00000000	A: 0000002d	B: 00000004	add 0

PC: 0000000f	SP: 00000000	A: 00000031	B: 00000004	ldnl 0

PC: 00000010	SP: 00000000	A: 00000000	B: 00000004	stl 3

PC: 00000011	SP: 00000000	A: 00000004	B: 00000004	ldl 1

PC: 00000012	SP: 00000000	A: 00000004	B: 00000004	ldc 45

PC: 00000013	SP: 00000000	A: 0000002d	B: 00000004	add 0

PC: 00000014	SP: 00000000	A: 00000031	B: 00000004	stl 4

PC: 00000015	SP: 00000000	A: 00000004	B: 00000004	ldl 2

PC: 00000016	SP: 00000000	A: 00000004	B: 00000004	ldc 45

PC: 00000017	SP: 00000000	A: 0000002d	B: 00000004	add 0

PC: 00000018	SP: 00000000	A: 00000031	B: 00000004	ldnl 0

PC: 00000019	SP: 00000000	A: 00000000	B: 00000004	ldl 4

PC: 0000001a	SP: 00000000	A: 00000031	B: 00000000	stnl 0

PC: 0000001b	SP: 00000000	A: 00000031	B: 00000000	ldl 2

PC: 0000001c	SP: 00000000	A: 00000004	B: 00000031	ldc 45

PC: 0000001d	SP: 00000000	A: 0000002d	B: 00000004	add 0

PC: 0000001e	SP: 00000000	A: 00000031	B: 00000004	stl 4

PC: 0000001f	SP: 00000000	A: 00000004	B: 00000004	ldl 3

PC: 00000020	SP: 00000000	A: 00000000	B: 00000004	ldl 4

PC: 00000021	SP: 00000000	A: 00000031	B: 00000000	stnl 0

PC: 00000022	SP: 00000000	A: 00000031	B: 00000000	ldl 1

PC: 00000023	SP: 00000000	A: 00000004	B: 00000031	ldc 1

PC: 00000024	SP: 00000000	A: 00000001	B: 00000004	add 0

PC: 00000025	SP: 00000000	A: 00000005	B: 00000004	stl 1

PC: 00000026	SP: 00000000	A: 00000004	B: 00000004	ldl 2

PC: 00000027	SP: 00000000	A: 00000004	B: 00000004